<?xml version="1.0" encoding="UTF-8"?>
<coverage generated="1580831034248" clover="3.2.0">
  <project timestamp="1580831034248" name="All files">
    <metrics statements="10" coveredstatements="6" conditionals="6" coveredconditionals="6" methods="6" coveredmethods="2" elements="22" coveredelements="14" complexity="0" loc="10" ncloc="10" packages="2" files="2" classes="2"/>
    <package name="RecipeCam">
      <metrics statements="9" coveredstatements="5" conditionals="6" coveredconditionals="6" methods="5" coveredmethods="1"/>
      <file name="App.js" path="/Users/elizabethmanifold/dev/Makers/Week-11/RecipeCam/App.js">
        <metrics statements="9" coveredstatements="5" conditionals="6" coveredconditionals="6" methods="5" coveredmethods="1"/>
        <line num="11" count="2" type="stmt"/>
        <line num="13" count="2" type="cond" truecount="4" falsecount="0"/>
        <line num="14" count="1" type="stmt"/>
        <line num="18" count="0" type="stmt"/>
        <line num="22" count="1" type="stmt"/>
        <line num="32" count="0" type="stmt"/>
        <line num="50" count="0" type="stmt"/>
        <line num="54" count="0" type="stmt"/>
        <line num="57" count="1" type="stmt"/>
      </file>
    </package>
    <package name="RecipeCam.components">
      <metrics statements="1" coveredstatements="1" conditionals="0" coveredconditionals="0" methods="1" coveredmethods="1"/>
      <file name="StyledText.js" path="/Users/elizabethmanifold/dev/Makers/Week-11/RecipeCam/components/StyledText.js">
        <metrics statements="1" coveredstatements="1" conditionals="0" coveredconditionals="0" methods="1" coveredmethods="1"/>
        <line num="5" count="1" type="stmt"/>
      </file>
    </package>
  </project>
</coverage>
