<?xml version="1.0" encoding="UTF-8"?>
<coverage generated="1580830955032" clover="3.2.0">
  <project timestamp="1580830955032" name="All files">
    <metrics statements="10" coveredstatements="6" conditionals="6" coveredconditionals="6" methods="6" coveredmethods="2" elements="22" coveredelements="14" complexity="0" loc="10" ncloc="10" packages="2" files="2" classes="2"/>
    <package name="RecipeCam">
      <metrics statements="9" coveredstatements="5" conditionals="6" coveredconditionals="6" methods="5" coveredmethods="1"/>
      <file name="App.js" path="/Users/jbero/Projects/FinalProject/RecipeCam/App.js">
        <metrics statements="9" coveredstatements="5" conditionals="6" coveredconditionals="6" methods="5" coveredmethods="1"/>
        <line num="13" count="2" type="stmt"/>
        <line num="15" count="2" type="cond" truecount="4" falsecount="0"/>
        <line num="16" count="1" type="stmt"/>
        <line num="20" count="0" type="stmt"/>
        <line num="24" count="1" type="stmt"/>
        <line num="34" count="0" type="stmt"/>
        <line num="52" count="0" type="stmt"/>
        <line num="56" count="0" type="stmt"/>
        <line num="59" count="1" type="stmt"/>
      </file>
    </package>
    <package name="RecipeCam.components">
      <metrics statements="1" coveredstatements="1" conditionals="0" coveredconditionals="0" methods="1" coveredmethods="1"/>
      <file name="StyledText.js" path="/Users/jbero/Projects/FinalProject/RecipeCam/components/StyledText.js">
        <metrics statements="1" coveredstatements="1" conditionals="0" coveredconditionals="0" methods="1" coveredmethods="1"/>
        <line num="5" count="1" type="stmt"/>
      </file>
    </package>
  </project>
</coverage>
