{"/Users/elizabethmanifold/dev/Makers/Week-11/RecipeCam/App.js": {"path":"/Users/elizabethmanifold/dev/Makers/Week-11/RecipeCam/App.js","statementMap":{"0":{"start":{"line":11,"column":50},"end":{"line":11,"column":65}},"1":{"start":{"line":13,"column":2},"end":{"line":28,"column":3}},"2":{"start":{"line":14,"column":4},"end":{"line":20,"column":6}},"3":{"start":{"line":18,"column":24},"end":{"line":18,"column":63}},"4":{"start":{"line":22,"column":4},"end":{"line":27,"column":6}},"5":{"start":{"line":32,"column":2},"end":{"line":44,"column":5}},"6":{"start":{"line":50,"column":2},"end":{"line":50,"column":22}},"7":{"start":{"line":54,"column":2},"end":{"line":54,"column":27}},"8":{"start":{"line":57,"column":15},"end":{"line":62,"column":2}}},"fnMap":{"0":{"name":"App","decl":{"start":{"line":10,"column":24},"end":{"line":10,"column":27}},"loc":{"start":{"line":10,"column":35},"end":{"line":29,"column":1}},"line":10},"1":{"name":"(anonymous_1)","decl":{"start":{"line":18,"column":18},"end":{"line":18,"column":19}},"loc":{"start":{"line":18,"column":24},"end":{"line":18,"column":63}},"line":18},"2":{"name":"loadResourcesAsync","decl":{"start":{"line":31,"column":15},"end":{"line":31,"column":33}},"loc":{"start":{"line":31,"column":36},"end":{"line":45,"column":1}},"line":31},"3":{"name":"handleLoadingError","decl":{"start":{"line":47,"column":9},"end":{"line":47,"column":27}},"loc":{"start":{"line":47,"column":35},"end":{"line":51,"column":1}},"line":47},"4":{"name":"handleFinishLoading","decl":{"start":{"line":53,"column":9},"end":{"line":53,"column":28}},"loc":{"start":{"line":53,"column":49},"end":{"line":55,"column":1}},"line":53}},"branchMap":{"0":{"loc":{"start":{"line":13,"column":2},"end":{"line":28,"column":3}},"type":"if","locations":[{"start":{"line":13,"column":2},"end":{"line":28,"column":3}},{"start":{"line":13,"column":2},"end":{"line":28,"column":3}}],"line":13},"1":{"loc":{"start":{"line":13,"column":6},"end":{"line":13,"column":52}},"type":"binary-expr","locations":[{"start":{"line":13,"column":6},"end":{"line":13,"column":24}},{"start":{"line":13,"column":28},"end":{"line":13,"column":52}}],"line":13},"2":{"loc":{"start":{"line":24,"column":9},"end":{"line":24,"column":66}},"type":"binary-expr","locations":[{"start":{"line":24,"column":9},"end":{"line":24,"column":30}},{"start":{"line":24,"column":34},"end":{"line":24,"column":66}}],"line":24}},"s":{"0":2,"1":2,"2":1,"3":0,"4":1,"5":0,"6":0,"7":0,"8":1},"f":{"0":2,"1":0,"2":0,"3":0,"4":0},"b":{"0":[1,1],"1":[2,2],"2":[1,1]},"_coverageSchema":"43e27e138ebf9cfc5966b082cf9a028302ed4184","hash":"f4426a926f01444ad57ea5b975628e5d2de0c0b5"}
,"/Users/elizabethmanifold/dev/Makers/Week-11/RecipeCam/components/StyledText.js": {"path":"/Users/elizabethmanifold/dev/Makers/Week-11/RecipeCam/components/StyledText.js","statementMap":{"0":{"start":{"line":5,"column":2},"end":{"line":7,"column":4}}},"fnMap":{"0":{"name":"MonoText","decl":{"start":{"line":4,"column":16},"end":{"line":4,"column":24}},"loc":{"start":{"line":4,"column":32},"end":{"line":8,"column":1}},"line":4}},"branchMap":{},"s":{"0":1},"f":{"0":1},"b":{},"_coverageSchema":"43e27e138ebf9cfc5966b082cf9a028302ed4184","hash":"2a334a4cf4dd63375d324aa307beca892cf1d3bc"}
}
