{"/Users/jbero/Projects/FinalProject/RecipeCam/App.js": {"path":"/Users/jbero/Projects/FinalProject/RecipeCam/App.js","statementMap":{"0":{"start":{"line":13,"column":50},"end":{"line":13,"column":65}},"1":{"start":{"line":15,"column":2},"end":{"line":30,"column":3}},"2":{"start":{"line":16,"column":4},"end":{"line":22,"column":6}},"3":{"start":{"line":20,"column":24},"end":{"line":20,"column":63}},"4":{"start":{"line":24,"column":4},"end":{"line":29,"column":6}},"5":{"start":{"line":34,"column":2},"end":{"line":46,"column":5}},"6":{"start":{"line":52,"column":2},"end":{"line":52,"column":22}},"7":{"start":{"line":56,"column":2},"end":{"line":56,"column":27}},"8":{"start":{"line":59,"column":15},"end":{"line":64,"column":2}}},"fnMap":{"0":{"name":"App","decl":{"start":{"line":12,"column":24},"end":{"line":12,"column":27}},"loc":{"start":{"line":12,"column":35},"end":{"line":31,"column":1}},"line":12},"1":{"name":"(anonymous_1)","decl":{"start":{"line":20,"column":18},"end":{"line":20,"column":19}},"loc":{"start":{"line":20,"column":24},"end":{"line":20,"column":63}},"line":20},"2":{"name":"loadResourcesAsync","decl":{"start":{"line":33,"column":15},"end":{"line":33,"column":33}},"loc":{"start":{"line":33,"column":36},"end":{"line":47,"column":1}},"line":33},"3":{"name":"handleLoadingError","decl":{"start":{"line":49,"column":9},"end":{"line":49,"column":27}},"loc":{"start":{"line":49,"column":35},"end":{"line":53,"column":1}},"line":49},"4":{"name":"handleFinishLoading","decl":{"start":{"line":55,"column":9},"end":{"line":55,"column":28}},"loc":{"start":{"line":55,"column":49},"end":{"line":57,"column":1}},"line":55}},"branchMap":{"0":{"loc":{"start":{"line":15,"column":2},"end":{"line":30,"column":3}},"type":"if","locations":[{"start":{"line":15,"column":2},"end":{"line":30,"column":3}},{"start":{"line":15,"column":2},"end":{"line":30,"column":3}}],"line":15},"1":{"loc":{"start":{"line":15,"column":6},"end":{"line":15,"column":52}},"type":"binary-expr","locations":[{"start":{"line":15,"column":6},"end":{"line":15,"column":24}},{"start":{"line":15,"column":28},"end":{"line":15,"column":52}}],"line":15},"2":{"loc":{"start":{"line":26,"column":9},"end":{"line":26,"column":66}},"type":"binary-expr","locations":[{"start":{"line":26,"column":9},"end":{"line":26,"column":30}},{"start":{"line":26,"column":34},"end":{"line":26,"column":66}}],"line":26}},"s":{"0":2,"1":2,"2":1,"3":0,"4":1,"5":0,"6":0,"7":0,"8":1},"f":{"0":2,"1":0,"2":0,"3":0,"4":0},"b":{"0":[1,1],"1":[2,2],"2":[1,1]},"_coverageSchema":"43e27e138ebf9cfc5966b082cf9a028302ed4184","hash":"e4d307ed65037eece6f2c48fed45bfff8795b076"}
,"/Users/jbero/Projects/FinalProject/RecipeCam/components/StyledText.js": {"path":"/Users/jbero/Projects/FinalProject/RecipeCam/components/StyledText.js","statementMap":{"0":{"start":{"line":5,"column":2},"end":{"line":7,"column":4}}},"fnMap":{"0":{"name":"MonoText","decl":{"start":{"line":4,"column":16},"end":{"line":4,"column":24}},"loc":{"start":{"line":4,"column":32},"end":{"line":8,"column":1}},"line":4}},"branchMap":{},"s":{"0":1},"f":{"0":1},"b":{},"_coverageSchema":"43e27e138ebf9cfc5966b082cf9a028302ed4184","hash":"ee9af506d1dd5f600aafc7ef65d0824ff276dffb"}
}
