TN:
SF:/Users/elizabethmanifold/dev/Makers/Week-11/RecipeCam/App.js
FN:10,App
FN:18,(anonymous_1)
FN:31,loadResourcesAsync
FN:47,handleLoadingError
FN:53,handleFinishLoading
FNF:5
FNH:1
FNDA:2,App
FNDA:0,(anonymous_1)
FNDA:0,loadResourcesAsync
FNDA:0,handleLoadingError
FNDA:0,handleFinishLoading
DA:11,2
DA:13,2
DA:14,1
DA:18,0
DA:22,1
DA:32,0
DA:50,0
DA:54,0
DA:57,1
LF:9
LH:5
BRDA:13,0,0,1
BRDA:13,0,1,1
BRDA:13,1,0,2
BRDA:13,1,1,2
BRDA:24,2,0,1
BRDA:24,2,1,1
BRF:6
BRH:6
end_of_record
TN:
SF:/Users/elizabethmanifold/dev/Makers/Week-11/RecipeCam/components/StyledText.js
FN:4,MonoText
FNF:1
FNH:1
FNDA:1,MonoText
DA:5,1
LF:1
LH:1
BRF:0
BRH:0
end_of_record
