TN:
SF:/Users/jbero/Projects/FinalProject/RecipeCam/App.js
FN:12,App
FN:20,(anonymous_1)
FN:33,loadResourcesAsync
FN:49,handleLoadingError
FN:55,handleFinishLoading
FNF:5
FNH:1
FNDA:2,App
FNDA:0,(anonymous_1)
FNDA:0,loadResourcesAsync
FNDA:0,handleLoadingError
FNDA:0,handleFinishLoading
DA:13,2
DA:15,2
DA:16,1
DA:20,0
DA:24,1
DA:34,0
DA:52,0
DA:56,0
DA:59,1
LF:9
LH:5
BRDA:15,0,0,1
BRDA:15,0,1,1
BRDA:15,1,0,2
BRDA:15,1,1,2
BRDA:26,2,0,1
BRDA:26,2,1,1
BRF:6
BRH:6
end_of_record
TN:
SF:/Users/jbero/Projects/FinalProject/RecipeCam/components/StyledText.js
FN:4,MonoText
FNF:1
FNH:1
FNDA:1,MonoText
DA:5,1
LF:1
LH:1
BRF:0
BRH:0
end_of_record
